<?xml version="1.0" encoding="UTF-8"?>
<testsuite name="com.hwan.firstweek.member.service.MemberServiceTest" tests="1" skipped="0" failures="0" errors="0" timestamp="2023-01-10T04:38:54" hostname="DESKTOP-DOGVPUB" time="0.19">
  <properties/>
  <testcase name="firstTest()" classname="com.hwan.firstweek.member.service.MemberServiceTest" time="0.19"/>
  <system-out><![CDATA[13:38:43.689 [Test worker] DEBUG org.springframework.test.context.BootstrapUtils - Instantiating CacheAwareContextLoaderDelegate from class [org.springframework.test.context.cache.DefaultCacheAwareContextLoaderDelegate]
13:38:43.706 [Test worker] DEBUG org.springframework.test.context.BootstrapUtils - Instantiating BootstrapContext using constructor [public org.springframework.test.context.support.DefaultBootstrapContext(java.lang.Class,org.springframework.test.context.CacheAwareContextLoaderDelegate)]
13:38:43.751 [Test worker] DEBUG org.springframework.test.context.BootstrapUtils - Instantiating TestContextBootstrapper for test class [com.hwan.firstweek.member.service.MemberServiceTest] from class [org.springframework.boot.test.context.SpringBootTestContextBootstrapper]
13:38:43.766 [Test worker] INFO org.springframework.boot.test.context.SpringBootTestContextBootstrapper - Neither @ContextConfiguration nor @ContextHierarchy found for test class [com.hwan.firstweek.member.service.MemberServiceTest], using SpringBootContextLoader
13:38:43.771 [Test worker] DEBUG org.springframework.test.context.support.AbstractContextLoader - Did not detect default resource location for test class [com.hwan.firstweek.member.service.MemberServiceTest]: class path resource [com/hwan/firstweek/member/service/MemberServiceTest-context.xml] does not exist
13:38:43.771 [Test worker] DEBUG org.springframework.test.context.support.AbstractContextLoader - Did not detect default resource location for test class [com.hwan.firstweek.member.service.MemberServiceTest]: class path resource [com/hwan/firstweek/member/service/MemberServiceTestContext.groovy] does not exist
13:38:43.771 [Test worker] INFO org.springframework.test.context.support.AbstractContextLoader - Could not detect default resource locations for test class [com.hwan.firstweek.member.service.MemberServiceTest]: no resource found for suffixes {-context.xml, Context.groovy}.
13:38:43.772 [Test worker] INFO org.springframework.test.context.support.AnnotationConfigContextLoaderUtils - Could not detect default configuration classes for test class [com.hwan.firstweek.member.service.MemberServiceTest]: MemberServiceTest does not declare any static, non-private, non-final, nested classes annotated with @Configuration.
13:38:43.823 [Test worker] DEBUG org.springframework.test.context.support.ActiveProfilesUtils - Could not find an 'annotation declaring class' for annotation type [org.springframework.test.context.ActiveProfiles] and class [com.hwan.firstweek.member.service.MemberServiceTest]
13:38:43.898 [Test worker] DEBUG org.springframework.context.annotation.ClassPathScanningCandidateComponentProvider - Identified candidate component class: file [C:\Users\SSAFY\Desktop\project\S08P11A205\build\classes\java\main\com\hwan\firstweek\FirstweekApplication.class]
13:38:43.899 [Test worker] INFO org.springframework.boot.test.context.SpringBootTestContextBootstrapper - Found @SpringBootConfiguration com.hwan.firstweek.FirstweekApplication for test class com.hwan.firstweek.member.service.MemberServiceTest
13:38:44.027 [Test worker] DEBUG org.springframework.boot.test.context.SpringBootTestContextBootstrapper - @TestExecutionListeners is not present for class [com.hwan.firstweek.member.service.MemberServiceTest]: using defaults.
13:38:44.028 [Test worker] INFO org.springframework.boot.test.context.SpringBootTestContextBootstrapper - Loaded default TestExecutionListener class names from location [META-INF/spring.factories]: [org.springframework.security.test.context.support.WithSecurityContextTestExecutionListener, org.springframework.security.test.context.support.ReactorContextTestExecutionListener, org.springframework.boot.test.autoconfigure.restdocs.RestDocsTestExecutionListener, org.springframework.boot.test.autoconfigure.web.client.MockRestServiceServerResetTestExecutionListener, org.springframework.boot.test.autoconfigure.web.servlet.MockMvcPrintOnlyOnFailureTestExecutionListener, org.springframework.boot.test.autoconfigure.web.servlet.WebDriverTestExecutionListener, org.springframework.boot.test.autoconfigure.webservices.client.MockWebServiceServerTestExecutionListener, org.springframework.boot.test.mock.mockito.MockitoTestExecutionListener, org.springframework.boot.test.mock.mockito.ResetMocksTestExecutionListener, org.springframework.test.context.web.ServletTestExecutionListener, org.springframework.test.context.support.DirtiesContextBeforeModesTestExecutionListener, org.springframework.test.context.event.ApplicationEventsTestExecutionListener, org.springframework.test.context.support.DependencyInjectionTestExecutionListener, org.springframework.test.context.support.DirtiesContextTestExecutionListener, org.springframework.test.context.transaction.TransactionalTestExecutionListener, org.springframework.test.context.jdbc.SqlScriptsTestExecutionListener, org.springframework.test.context.event.EventPublishingTestExecutionListener]
13:38:44.057 [Test worker] INFO org.springframework.boot.test.context.SpringBootTestContextBootstrapper - Using TestExecutionListeners: [org.springframework.test.context.web.ServletTestExecutionListener@24111ef1, org.springframework.test.context.support.DirtiesContextBeforeModesTestExecutionListener@1f3f02ee, org.springframework.test.context.event.ApplicationEventsTestExecutionListener@1fde5d22, org.springframework.boot.test.mock.mockito.MockitoTestExecutionListener@5dcb4f5f, org.springframework.boot.test.autoconfigure.SpringBootDependencyInjectionTestExecutionListener@71812481, org.springframework.test.context.support.DirtiesContextTestExecutionListener@16ce702d, org.springframework.test.context.transaction.TransactionalTestExecutionListener@7b94089b, org.springframework.test.context.jdbc.SqlScriptsTestExecutionListener@7ca20101, org.springframework.security.test.context.support.WithSecurityContextTestExecutionListener@47f9738, org.springframework.test.context.event.EventPublishingTestExecutionListener@6155d082, org.springframework.security.test.context.support.ReactorContextTestExecutionListener@3a5ecce3, org.springframework.boot.test.autoconfigure.restdocs.RestDocsTestExecutionListener@561868a0, org.springframework.boot.test.autoconfigure.web.client.MockRestServiceServerResetTestExecutionListener@2ea6e30c, org.springframework.boot.test.autoconfigure.web.servlet.MockMvcPrintOnlyOnFailureTestExecutionListener@6138e79a, org.springframework.boot.test.autoconfigure.web.servlet.WebDriverTestExecutionListener@2dcd168a, org.springframework.boot.test.autoconfigure.webservices.client.MockWebServiceServerTestExecutionListener@388526fb, org.springframework.boot.test.mock.mockito.ResetMocksTestExecutionListener@21a21c64]
13:38:44.062 [Test worker] DEBUG org.springframework.test.context.support.AbstractDirtiesContextTestExecutionListener - Before test class: context [DefaultTestContext@4eb386df testClass = MemberServiceTest, testInstance = [null], testMethod = [null], testException = [null], mergedContextConfiguration = [WebMergedContextConfiguration@79517588 testClass = MemberServiceTest, locations = '{}', classes = '{class com.hwan.firstweek.FirstweekApplication}', contextInitializerClasses = '[]', activeProfiles = '{}', propertySourceLocations = '{}', propertySourceProperties = '{org.springframework.boot.test.context.SpringBootTestContextBootstrapper=true}', contextCustomizers = set[org.springframework.boot.test.autoconfigure.actuate.metrics.MetricsExportContextCustomizerFactory$DisableMetricExportContextCustomizer@5b799640, org.springframework.boot.test.autoconfigure.properties.PropertyMappingContextCustomizer@0, org.springframework.boot.test.autoconfigure.web.servlet.WebDriverContextCustomizerFactory$Customizer@72c8e7b, org.springframework.boot.test.context.filter.ExcludeFilterContextCustomizer@790da477, org.springframework.boot.test.json.DuplicateJsonObjectContextCustomizerFactory$DuplicateJsonObjectContextCustomizer@5fb759d6, org.springframework.boot.test.mock.mockito.MockitoContextCustomizer@0, org.springframework.boot.test.web.client.TestRestTemplateContextCustomizer@97e93f1, org.springframework.boot.test.context.SpringBootTestArgs@1, org.springframework.boot.test.context.SpringBootTestWebEnvironment@19bb07ed], resourceBasePath = 'src/main/webapp', contextLoader = 'org.springframework.boot.test.context.SpringBootContextLoader', parent = [null]], attributes = map['org.springframework.test.context.web.ServletTestExecutionListener.activateListener' -> true]], class annotated with @DirtiesContext [false] with mode [null].
13:38:44.097 [Test worker] DEBUG org.springframework.test.context.support.TestPropertySourceUtils - Adding inlined properties to environment: {spring.jmx.enabled=false, org.springframework.boot.test.context.SpringBootTestContextBootstrapper=true}

  .   ____          _            __ _ _
 /\\ / ___'_ __ _ _(_)_ __  __ _ \ \ \ \
( ( )\___ | '_ | '_| | '_ \/ _` | \ \ \ \
 \\/  ___)| |_)| | | | | || (_| |  ) ) ) )
  '  |____| .__|_| |_|_| |_\__, | / / / /
 =========|_|==============|___/=/_/_/_/
 :: Spring Boot ::                (v2.4.5)

2023-01-10 13:38:44.508  INFO 20436 --- [    Test worker] c.h.f.member.service.MemberServiceTest   : Starting MemberServiceTest using Java 1.8.0_332 on DESKTOP-DOGVPUB with PID 20436 (started by SSAFY in C:\Users\SSAFY\Desktop\project\S08P11A205)
2023-01-10 13:38:44.510  INFO 20436 --- [    Test worker] c.h.f.member.service.MemberServiceTest   : No active profile set, falling back to default profiles: default
2023-01-10 13:38:46.667  INFO 20436 --- [    Test worker] .s.d.r.c.RepositoryConfigurationDelegate : Bootstrapping Spring Data JPA repositories in DEFAULT mode.
2023-01-10 13:38:46.802  INFO 20436 --- [    Test worker] .s.d.r.c.RepositoryConfigurationDelegate : Finished Spring Data repository scanning in 119 ms. Found 1 JPA repository interfaces.
2023-01-10 13:38:48.173  INFO 20436 --- [    Test worker] o.hibernate.jpa.internal.util.LogHelper  : HHH000204: Processing PersistenceUnitInfo [name: default]
2023-01-10 13:38:48.327  INFO 20436 --- [    Test worker] org.hibernate.Version                    : HHH000412: Hibernate ORM core version 5.4.30.Final
2023-01-10 13:38:48.720  INFO 20436 --- [    Test worker] o.hibernate.annotations.common.Version   : HCANN000001: Hibernate Commons Annotations {5.1.2.Final}
2023-01-10 13:38:48.926  INFO 20436 --- [    Test worker] com.zaxxer.hikari.HikariDataSource       : HikariPool-1 - Starting...
2023-01-10 13:38:49.119  INFO 20436 --- [    Test worker] com.zaxxer.hikari.HikariDataSource       : HikariPool-1 - Start completed.
2023-01-10 13:38:49.170  INFO 20436 --- [    Test worker] org.hibernate.dialect.Dialect            : HHH000400: Using dialect: org.hibernate.dialect.MySQL57Dialect
2023-01-10 13:38:50.142  INFO 20436 --- [    Test worker] o.h.e.t.j.p.i.JtaPlatformInitiator       : HHH000490: Using JtaPlatform implementation: [org.hibernate.engine.transaction.jta.platform.internal.NoJtaPlatform]
2023-01-10 13:38:50.155  INFO 20436 --- [    Test worker] j.LocalContainerEntityManagerFactoryBean : Initialized JPA EntityManagerFactory for persistence unit 'default'
2023-01-10 13:38:51.923  INFO 20436 --- [    Test worker] o.s.b.a.e.web.EndpointLinksResolver      : Exposing 2 endpoint(s) beneath base path '/actuator'
2023-01-10 13:38:52.470  INFO 20436 --- [    Test worker] o.s.s.web.DefaultSecurityFilterChain     : Will secure any request with [org.springframework.security.web.context.request.async.WebAsyncManagerIntegrationFilter@1504b493, org.springframework.security.web.context.SecurityContextPersistenceFilter@4c0bfe9e, org.springframework.security.web.header.HeaderWriterFilter@7c45191e, org.springframework.security.web.authentication.logout.LogoutFilter@194eae3e, com.hwan.firstweek.jwt.JwtAuthenticationFilter@19de32cb, org.springframework.security.web.savedrequest.RequestCacheAwareFilter@35dc849b, org.springframework.security.web.servletapi.SecurityContextHolderAwareRequestFilter@23e0c200, org.springframework.security.web.authentication.AnonymousAuthenticationFilter@7872e91f, org.springframework.security.web.session.SessionManagementFilter@1002b06d, org.springframework.security.web.access.ExceptionTranslationFilter@32ddcca, org.springframework.security.web.access.intercept.FilterSecurityInterceptor@70cac22a]
2023-01-10 13:38:53.066  INFO 20436 --- [    Test worker] o.s.s.concurrent.ThreadPoolTaskExecutor  : Initializing ExecutorService 'applicationTaskExecutor'
2023-01-10 13:38:54.683  INFO 20436 --- [    Test worker] c.h.f.member.service.MemberServiceTest   : Started MemberServiceTest in 10.578 seconds (JVM running for 12.323)
]]></system-out>
  <system-err><![CDATA[]]></system-err>
</testsuite>
